# JRE version: OpenJDK Runtime Environment (21.0.6) (build 21.0.6+-13355223-b631.42)
# Java VM: OpenJDK 64-Bit Server VM (21.0.6+-13355223-b631.42, mixed mode, tiered, compressed oops, compressed class ptrs, g1 gc, windows-amd64)
GC Precious Log:
 CardTable entry size: 512
 Card Set container configuration: InlinePtr #cards 5 size 8 Array Of Cards #cards 12 size 40 Howl #buckets 4 coarsen threshold 1843 Howl Bitmap #cards 512 size 80 coarsen threshold 460 Card regions per heap region 1 cards per card region 2048
 CPUs: 8 total, 8 available
 Memory: 8035M
 Large Page Support: Disabled
 NUMA Support: Disabled
 Compressed Oops: Enabled (32-bit)
 Heap Region Size: 1M
 Heap Min Capacity: 8M
 Heap Initial Capacity: 126M
 Heap Max Capacity: 2G
 Pre-touch: Disabled
 Parallel Workers: 8
 Concurrent Workers: 2
 Concurrent Refinement Workers: 8
 Periodic GC: Disabled
Heap:
 garbage-first heap   total 121856K, used 73802K [0x0000000080000000, 0x0000000100000000)
  region size 1024K, 2 young (2048K), 2 survivors (2048K)
 Metaspace       used 85574K, committed 87488K, reserved 1179648K
  class space    used 11506K, committed 12480K, reserved 1048576K
GC Heap History (20 events):
Event: 27.226 GC heap after
{Heap after GC invocations=22 (full 0):
 garbage-first heap   total 83968K, used 46999K [0x0000000080000000, 0x0000000100000000)
  region size 1024K, 3 young (3072K), 3 survivors (3072K)
 Metaspace       used 66644K, committed 68288K, reserved 1114112K
  class space    used 9033K, committed 9856K, reserved 1048576K
}
Event: 28.338 GC heap before
{Heap before GC invocations=23 (full 0):
 garbage-first heap   total 83968K, used 79767K [0x0000000080000000, 0x0000000100000000)
  region size 1024K, 30 young (30720K), 3 survivors (3072K)
 Metaspace       used 68040K, committed 69760K, reserved 1114112K
  class space    used 9254K, committed 10112K, reserved 1048576K
}
Event: 28.347 GC heap after
{Heap after GC invocations=24 (full 0):
 garbage-first heap   total 90112K, used 57881K [0x0000000080000000, 0x0000000100000000)
  region size 1024K, 4 young (4096K), 4 survivors (4096K)
 Metaspace       used 68040K, committed 69760K, reserved 1114112K
  class space    used 9254K, committed 10112K, reserved 1048576K
}
Event: 28.911 GC heap before
{Heap before GC invocations=24 (full 0):
 garbage-first heap   total 90112K, used 78361K [0x0000000080000000, 0x0000000100000000)
  region size 1024K, 24 young (24576K), 4 survivors (4096K)
 Metaspace       used 69641K, committed 71360K, reserved 1114112K
  class space    used 9431K, committed 10304K, reserved 1048576K
}
Event: 28.917 GC heap after
{Heap after GC invocations=25 (full 0):
 garbage-first heap   total 90112K, used 59668K [0x0000000080000000, 0x0000000100000000)
  region size 1024K, 2 young (2048K), 2 survivors (2048K)
 Metaspace       used 69641K, committed 71360K, reserved 1114112K
  class space    used 9431K, committed 10304K, reserved 1048576K
}
Event: 29.714 GC heap before
{Heap before GC invocations=25 (full 0):
 garbage-first heap   total 90112K, used 78100K [0x0000000080000000, 0x0000000100000000)
  region size 1024K, 21 young (21504K), 2 survivors (2048K)
 Metaspace       used 71401K, committed 73152K, reserved 1114112K
  class space    used 9654K, committed 10560K, reserved 1048576K
}
Event: 29.718 GC heap after
{Heap after GC invocations=26 (full 0):
 garbage-first heap   total 90112K, used 60485K [0x0000000080000000, 0x0000000100000000)
  region size 1024K, 2 young (2048K), 2 survivors (2048K)
 Metaspace       used 71401K, committed 73152K, reserved 1114112K
  class space    used 9654K, committed 10560K, reserved 1048576K
}
Event: 30.534 GC heap before
{Heap before GC invocations=27 (full 0):
 garbage-first heap   total 102400K, used 79941K [0x0000000080000000, 0x0000000100000000)
  region size 1024K, 22 young (22528K), 2 survivors (2048K)
 Metaspace       used 73689K, committed 75392K, reserved 1114112K
  class space    used 9906K, committed 10752K, reserved 1048576K
}
Event: 30.538 GC heap after
{Heap after GC invocations=28 (full 0):
 garbage-first heap   total 102400K, used 60741K [0x0000000080000000, 0x0000000100000000)
  region size 1024K, 2 young (2048K), 2 survivors (2048K)
 Metaspace       used 73689K, committed 75392K, reserved 1114112K
  class space    used 9906K, committed 10752K, reserved 1048576K
}
Event: 31.793 GC heap before
{Heap before GC invocations=28 (full 0):
 garbage-first heap   total 102400K, used 94533K [0x0000000080000000, 0x0000000100000000)
  region size 1024K, 32 young (32768K), 2 survivors (2048K)
 Metaspace       used 77128K, committed 78912K, reserved 1179648K
  class space    used 10401K, committed 11328K, reserved 1048576K
}
Event: 31.802 GC heap after
{Heap after GC invocations=29 (full 0):
 garbage-first heap   total 103424K, used 67117K [0x0000000080000000, 0x0000000100000000)
  region size 1024K, 4 young (4096K), 4 survivors (4096K)
 Metaspace       used 77128K, committed 78912K, reserved 1179648K
  class space    used 10401K, committed 11328K, reserved 1048576K
}
Event: 31.933 GC heap before
{Heap before GC invocations=29 (full 0):
 garbage-first heap   total 103424K, used 73261K [0x0000000080000000, 0x0000000100000000)
  region size 1024K, 11 young (11264K), 4 survivors (4096K)
 Metaspace       used 77131K, committed 78912K, reserved 1179648K
  class space    used 10401K, committed 11328K, reserved 1048576K
}
Event: 31.941 GC heap after
{Heap after GC invocations=30 (full 0):
 garbage-first heap   total 103424K, used 65539K [0x0000000080000000, 0x0000000100000000)
  region size 1024K, 2 young (2048K), 2 survivors (2048K)
 Metaspace       used 77131K, committed 78912K, reserved 1179648K
  class space    used 10401K, committed 11328K, reserved 1048576K
}
Event: 33.223 GC heap before
{Heap before GC invocations=31 (full 0):
 garbage-first heap   total 112640K, used 94211K [0x0000000080000000, 0x0000000100000000)
  region size 1024K, 30 young (30720K), 2 survivors (2048K)
 Metaspace       used 79319K, committed 81216K, reserved 1179648K
  class space    used 10696K, committed 11648K, reserved 1048576K
}
Event: 33.229 GC heap after
{Heap after GC invocations=32 (full 0):
 garbage-first heap   total 112640K, used 67743K [0x0000000080000000, 0x0000000100000000)
  region size 1024K, 3 young (3072K), 3 survivors (3072K)
 Metaspace       used 79319K, committed 81216K, reserved 1179648K
  class space    used 10696K, committed 11648K, reserved 1048576K
}
Event: 34.565 GC heap before
{Heap before GC invocations=32 (full 0):
 garbage-first heap   total 112640K, used 102559K [0x0000000080000000, 0x0000000100000000)
  region size 1024K, 37 young (37888K), 3 survivors (3072K)
 Metaspace       used 82261K, committed 84032K, reserved 1179648K
  class space    used 11062K, committed 11968K, reserved 1048576K
}
Event: 34.575 GC heap after
{Heap after GC invocations=33 (full 0):
 garbage-first heap   total 112640K, used 69485K [0x0000000080000000, 0x0000000100000000)
  region size 1024K, 5 young (5120K), 5 survivors (5120K)
 Metaspace       used 82261K, committed 84032K, reserved 1179648K
  class space    used 11062K, committed 11968K, reserved 1048576K
}
Event: 35.485 GC heap before
{Heap before GC invocations=33 (full 0):
 garbage-first heap   total 112640K, used 100205K [0x0000000080000000, 0x0000000100000000)
  region size 1024K, 35 young (35840K), 5 survivors (5120K)
 Metaspace       used 83684K, committed 85568K, reserved 1179648K
  class space    used 11238K, committed 12160K, reserved 1048576K
}
Event: 35.496 GC heap after
{Heap after GC invocations=34 (full 0):
 garbage-first heap   total 112640K, used 72518K [0x0000000080000000, 0x0000000100000000)
  region size 1024K, 5 young (5120K), 5 survivors (5120K)
 Metaspace       used 83684K, committed 85568K, reserved 1179648K
  class space    used 11238K, committed 12160K, reserved 1048576K
}
Event: 36.451 GC heap before
{Heap before GC invocations=35 (full 0):
 garbage-first heap   total 121856K, used 100166K [0x0000000080000000, 0x0000000100000000)
  region size 1024K, 32 young (32768K), 5 survivors (5120K)
 Metaspace       used 85574K, committed 87488K, reserved 1179648K
  class space    used 11506K, committed 12480K, reserved 1048576K
}

