# JRE version: OpenJDK Runtime Environment (21.0.6) (build 21.0.6+-13355223-b631.42)
# Java VM: OpenJDK 64-Bit Server VM (21.0.6+-13355223-b631.42, mixed mode, tiered, compressed oops, compressed class ptrs, g1 gc, windows-amd64)
GC Precious Log:
 CardTable entry size: 512
 Card Set container configuration: InlinePtr #cards 5 size 8 Array Of Cards #cards 12 size 40 Howl #buckets 4 coarsen threshold 1843 Howl Bitmap #cards 512 size 80 coarsen threshold 460 Card regions per heap region 1 cards per card region 2048
 CPUs: 8 total, 8 available
 Memory: 8035M
 Large Page Support: Disabled
 NUMA Support: Disabled
 Compressed Oops: Enabled (32-bit)
 Heap Region Size: 1M
 Heap Min Capacity: 8M
 Heap Initial Capacity: 126M
 Heap Max Capacity: 2G
 Pre-touch: Disabled
 Parallel Workers: 8
 Concurrent Workers: 2
 Concurrent Refinement Workers: 8
 Periodic GC: Disabled
Heap:
 garbage-first heap   total 437248K, used 342355K [0x0000000080000000, 0x0000000100000000)
  region size 1024K, 124 young (126976K), 15 survivors (15360K)
 Metaspace       used 199639K, committed 203008K, reserved 1245184K
  class space    used 25089K, committed 27008K, reserved 1048576K
GC Heap History (20 events):
Event: 109.274 GC heap before
{Heap before GC invocations=61 (full 0):
 garbage-first heap   total 437248K, used 247147K [0x0000000080000000, 0x0000000100000000)
  region size 1024K, 66 young (67584K), 15 survivors (15360K)
 Metaspace       used 157752K, committed 160192K, reserved 1245184K
  class space    used 20169K, committed 21376K, reserved 1048576K
}
Event: 109.287 GC heap after
{Heap after GC invocations=62 (full 0):
 garbage-first heap   total 437248K, used 199983K [0x0000000080000000, 0x0000000100000000)
  region size 1024K, 19 young (19456K), 19 survivors (19456K)
 Metaspace       used 157752K, committed 160192K, reserved 1245184K
  class space    used 20169K, committed 21376K, reserved 1048576K
}
Event: 111.843 GC heap before
{Heap before GC invocations=63 (full 0):
 garbage-first heap   total 437248K, used 396591K [0x0000000080000000, 0x0000000100000000)
  region size 1024K, 209 young (214016K), 19 survivors (19456K)
 Metaspace       used 162225K, committed 164736K, reserved 1245184K
  class space    used 20570K, committed 21824K, reserved 1048576K
}
Event: 111.869 GC heap after
{Heap after GC invocations=64 (full 0):
 garbage-first heap   total 437248K, used 214671K [0x0000000080000000, 0x0000000100000000)
  region size 1024K, 20 young (20480K), 20 survivors (20480K)
 Metaspace       used 162225K, committed 164736K, reserved 1245184K
  class space    used 20570K, committed 21824K, reserved 1048576K
}
Event: 115.358 GC heap before
{Heap before GC invocations=64 (full 0):
 garbage-first heap   total 437248K, used 408207K [0x0000000080000000, 0x0000000100000000)
  region size 1024K, 194 young (198656K), 20 survivors (20480K)
 Metaspace       used 177834K, committed 180608K, reserved 1245184K
  class space    used 22785K, committed 24192K, reserved 1048576K
}
Event: 115.375 GC heap after
{Heap after GC invocations=65 (full 0):
 garbage-first heap   total 437248K, used 218809K [0x0000000080000000, 0x0000000100000000)
  region size 1024K, 11 young (11264K), 11 survivors (11264K)
 Metaspace       used 177834K, committed 180608K, reserved 1245184K
  class space    used 22785K, committed 24192K, reserved 1048576K
}
Event: 118.619 GC heap before
{Heap before GC invocations=65 (full 0):
 garbage-first heap   total 437248K, used 398009K [0x0000000080000000, 0x0000000100000000)
  region size 1024K, 186 young (190464K), 11 survivors (11264K)
 Metaspace       used 177960K, committed 180736K, reserved 1245184K
  class space    used 22803K, committed 24192K, reserved 1048576K
}
Event: 118.634 GC heap after
{Heap after GC invocations=66 (full 0):
 garbage-first heap   total 437248K, used 225337K [0x0000000080000000, 0x0000000100000000)
  region size 1024K, 18 young (18432K), 18 survivors (18432K)
 Metaspace       used 177960K, committed 180736K, reserved 1245184K
  class space    used 22803K, committed 24192K, reserved 1048576K
}
Event: 131.531 GC heap before
{Heap before GC invocations=67 (full 0):
 garbage-first heap   total 437248K, used 403513K [0x0000000080000000, 0x0000000100000000)
  region size 1024K, 184 young (188416K), 18 survivors (18432K)
 Metaspace       used 185226K, committed 188032K, reserved 1245184K
  class space    used 23718K, committed 25088K, reserved 1048576K
}
Event: 131.551 GC heap after
{Heap after GC invocations=68 (full 0):
 garbage-first heap   total 437248K, used 228663K [0x0000000080000000, 0x0000000100000000)
  region size 1024K, 13 young (13312K), 13 survivors (13312K)
 Metaspace       used 185226K, committed 188032K, reserved 1245184K
  class space    used 23718K, committed 25088K, reserved 1048576K
}
Event: 132.963 GC heap before
{Heap before GC invocations=68 (full 0):
 garbage-first heap   total 437248K, used 401719K [0x0000000080000000, 0x0000000100000000)
  region size 1024K, 181 young (185344K), 13 survivors (13312K)
 Metaspace       used 191098K, committed 193920K, reserved 1245184K
  class space    used 24572K, committed 25984K, reserved 1048576K
}
Event: 132.980 GC heap after
{Heap after GC invocations=69 (full 0):
 garbage-first heap   total 437248K, used 229983K [0x0000000080000000, 0x0000000100000000)
  region size 1024K, 11 young (11264K), 11 survivors (11264K)
 Metaspace       used 191098K, committed 193920K, reserved 1245184K
  class space    used 24572K, committed 25984K, reserved 1048576K
}
Event: 133.291 GC heap before
{Heap before GC invocations=69 (full 0):
 garbage-first heap   total 437248K, used 276063K [0x0000000080000000, 0x0000000100000000)
  region size 1024K, 57 young (58368K), 11 survivors (11264K)
 Metaspace       used 191175K, committed 193984K, reserved 1245184K
  class space    used 24578K, committed 25984K, reserved 1048576K
}
Event: 133.302 GC heap after
{Heap after GC invocations=70 (full 0):
 garbage-first heap   total 437248K, used 226418K [0x0000000080000000, 0x0000000100000000)
  region size 1024K, 10 young (10240K), 10 survivors (10240K)
 Metaspace       used 191175K, committed 193984K, reserved 1245184K
  class space    used 24578K, committed 25984K, reserved 1048576K
}
Event: 134.702 GC heap before
{Heap before GC invocations=71 (full 0):
 garbage-first heap   total 437248K, used 405618K [0x0000000080000000, 0x0000000100000000)
  region size 1024K, 183 young (187392K), 10 survivors (10240K)
 Metaspace       used 191573K, committed 194368K, reserved 1245184K
  class space    used 24601K, committed 25984K, reserved 1048576K
}
Event: 134.717 GC heap after
{Heap after GC invocations=72 (full 0):
 garbage-first heap   total 437248K, used 232256K [0x0000000080000000, 0x0000000100000000)
  region size 1024K, 14 young (14336K), 14 survivors (14336K)
 Metaspace       used 191573K, committed 194368K, reserved 1245184K
  class space    used 24601K, committed 25984K, reserved 1048576K
}
Event: 138.060 GC heap before
{Heap before GC invocations=72 (full 0):
 garbage-first heap   total 437248K, used 403264K [0x0000000080000000, 0x0000000100000000)
  region size 1024K, 177 young (181248K), 14 survivors (14336K)
 Metaspace       used 195665K, committed 198528K, reserved 1245184K
  class space    used 24971K, committed 26368K, reserved 1048576K
}
Event: 138.079 GC heap after
{Heap after GC invocations=73 (full 0):
 garbage-first heap   total 437248K, used 227686K [0x0000000080000000, 0x0000000100000000)
  region size 1024K, 9 young (9216K), 9 survivors (9216K)
 Metaspace       used 195665K, committed 198528K, reserved 1245184K
  class space    used 24971K, committed 26368K, reserved 1048576K
}
Event: 2377.528 GC heap before
{Heap before GC invocations=73 (full 0):
 garbage-first heap   total 437248K, used 403814K [0x0000000080000000, 0x0000000100000000)
  region size 1024K, 182 young (186368K), 9 survivors (9216K)
 Metaspace       used 200178K, committed 203072K, reserved 1245184K
  class space    used 25506K, committed 27008K, reserved 1048576K
}
Event: 2377.572 GC heap after
{Heap after GC invocations=74 (full 0):
 garbage-first heap   total 437248K, used 233811K [0x0000000080000000, 0x0000000100000000)
  region size 1024K, 15 young (15360K), 15 survivors (15360K)
 Metaspace       used 200178K, committed 203072K, reserved 1245184K
  class space    used 25506K, committed 27008K, reserved 1048576K
}

