# JRE version: OpenJDK Runtime Environment (21.0.5) (build 21.0.5+-13047016-b750.29)
# Java VM: OpenJDK 64-Bit Server VM (21.0.5+-13047016-b750.29, mixed mode, tiered, compressed oops, compressed class ptrs, g1 gc, windows-amd64)
GC Precious Log:
 CardTable entry size: 512
 Card Set container configuration: InlinePtr #cards 5 size 8 Array Of Cards #cards 12 size 40 Howl #buckets 4 coarsen threshold 1843 Howl Bitmap #cards 512 size 80 coarsen threshold 460 Card regions per heap region 1 cards per card region 2048
 CPUs: 8 total, 8 available
 Memory: 8035M
 Large Page Support: Disabled
 NUMA Support: Disabled
 Compressed Oops: Enabled (32-bit)
 Heap Region Size: 1M
 Heap Min Capacity: 8M
 Heap Initial Capacity: 126M
 Heap Max Capacity: 2G
 Pre-touch: Disabled
 Parallel Workers: 8
 Concurrent Workers: 2
 Concurrent Refinement Workers: 8
 Periodic GC: Disabled
Heap:
 garbage-first heap   total 431104K, used 409883K [0x0000000080000000, 0x0000000100000000)
  region size 1024K, 120 young (122880K), 6 survivors (6144K)
 Metaspace       used 211511K, committed 214528K, reserved 1245184K
  class space    used 26738K, committed 28224K, reserved 1048576K
GC Heap History (20 events):
Event: 43.835 GC heap after
{Heap after GC invocations=65 (full 0):
 garbage-first heap   total 317440K, used 194624K [0x0000000080000000, 0x0000000100000000)
  region size 1024K, 10 young (10240K), 10 survivors (10240K)
 Metaspace       used 177928K, committed 180672K, reserved 1245184K
  class space    used 22860K, committed 24192K, reserved 1048576K
}
Event: 45.743 GC heap before
{Heap before GC invocations=65 (full 0):
 garbage-first heap   total 317440K, used 294976K [0x0000000080000000, 0x0000000100000000)
  region size 1024K, 103 young (105472K), 10 survivors (10240K)
 Metaspace       used 184896K, committed 187712K, reserved 1245184K
  class space    used 23589K, committed 24960K, reserved 1048576K
}
Event: 45.760 GC heap after
{Heap after GC invocations=66 (full 0):
 garbage-first heap   total 317440K, used 195940K [0x0000000080000000, 0x0000000100000000)
  region size 1024K, 12 young (12288K), 12 survivors (12288K)
 Metaspace       used 184896K, committed 187712K, reserved 1245184K
  class space    used 23589K, committed 24960K, reserved 1048576K
}
Event: 54.008 GC heap before
{Heap before GC invocations=66 (full 0):
 garbage-first heap   total 317440K, used 286052K [0x0000000080000000, 0x0000000100000000)
  region size 1024K, 101 young (103424K), 12 survivors (12288K)
 Metaspace       used 189479K, committed 192384K, reserved 1245184K
  class space    used 24158K, committed 25600K, reserved 1048576K
}
Event: 54.035 GC heap after
{Heap after GC invocations=67 (full 0):
 garbage-first heap   total 317440K, used 200784K [0x0000000080000000, 0x0000000100000000)
  region size 1024K, 8 young (8192K), 8 survivors (8192K)
 Metaspace       used 189479K, committed 192384K, reserved 1245184K
  class space    used 24158K, committed 25600K, reserved 1048576K
}
Event: 71.615 GC heap before
{Heap before GC invocations=68 (full 0):
 garbage-first heap   total 336896K, used 290896K [0x0000000080000000, 0x0000000100000000)
  region size 1024K, 96 young (98304K), 8 survivors (8192K)
 Metaspace       used 191465K, committed 194496K, reserved 1245184K
  class space    used 24427K, committed 25920K, reserved 1048576K
}
Event: 71.633 GC heap after
{Heap after GC invocations=69 (full 0):
 garbage-first heap   total 336896K, used 208062K [0x0000000080000000, 0x0000000100000000)
  region size 1024K, 8 young (8192K), 8 survivors (8192K)
 Metaspace       used 191465K, committed 194496K, reserved 1245184K
  class space    used 24427K, committed 25920K, reserved 1048576K
}
Event: 74.633 GC heap before
{Heap before GC invocations=69 (full 0):
 garbage-first heap   total 336896K, used 318654K [0x0000000080000000, 0x0000000100000000)
  region size 1024K, 108 young (110592K), 8 survivors (8192K)
 Metaspace       used 195304K, committed 198272K, reserved 1245184K
  class space    used 24919K, committed 26368K, reserved 1048576K
}
Event: 74.728 GC heap after
{Heap after GC invocations=70 (full 0):
 garbage-first heap   total 354304K, used 228877K [0x0000000080000000, 0x0000000100000000)
  region size 1024K, 14 young (14336K), 14 survivors (14336K)
 Metaspace       used 195304K, committed 198272K, reserved 1245184K
  class space    used 24919K, committed 26368K, reserved 1048576K
}
Event: 76.563 GC heap before
{Heap before GC invocations=70 (full 0):
 garbage-first heap   total 354304K, used 261645K [0x0000000080000000, 0x0000000100000000)
  region size 1024K, 48 young (49152K), 14 survivors (14336K)
 Metaspace       used 195771K, committed 198720K, reserved 1245184K
  class space    used 24956K, committed 26432K, reserved 1048576K
}
Event: 76.588 GC heap after
{Heap after GC invocations=71 (full 0):
 garbage-first heap   total 354304K, used 241679K [0x0000000080000000, 0x0000000100000000)
  region size 1024K, 12 young (12288K), 12 survivors (12288K)
 Metaspace       used 195771K, committed 198720K, reserved 1245184K
  class space    used 24956K, committed 26432K, reserved 1048576K
}
Event: 79.378 GC heap before
{Heap before GC invocations=72 (full 0):
 garbage-first heap   total 416768K, used 333839K [0x0000000080000000, 0x0000000100000000)
  region size 1024K, 81 young (82944K), 12 survivors (12288K)
 Metaspace       used 196442K, committed 199424K, reserved 1245184K
  class space    used 25010K, committed 26496K, reserved 1048576K
}
Event: 79.394 GC heap after
{Heap after GC invocations=73 (full 0):
 garbage-first heap   total 416768K, used 250111K [0x0000000080000000, 0x0000000100000000)
  region size 1024K, 10 young (10240K), 10 survivors (10240K)
 Metaspace       used 196442K, committed 199424K, reserved 1245184K
  class space    used 25010K, committed 26496K, reserved 1048576K
}
Event: 80.940 GC heap before
{Heap before GC invocations=73 (full 0):
 garbage-first heap   total 416768K, used 359679K [0x0000000080000000, 0x0000000100000000)
  region size 1024K, 118 young (120832K), 10 survivors (10240K)
 Metaspace       used 200350K, committed 203328K, reserved 1245184K
  class space    used 25337K, committed 26816K, reserved 1048576K
}
Event: 80.961 GC heap after
{Heap after GC invocations=74 (full 0):
 garbage-first heap   total 416768K, used 247166K [0x0000000080000000, 0x0000000100000000)
  region size 1024K, 7 young (7168K), 7 survivors (7168K)
 Metaspace       used 200350K, committed 203328K, reserved 1245184K
  class space    used 25337K, committed 26816K, reserved 1048576K
}
Event: 83.452 GC heap before
{Heap before GC invocations=74 (full 0):
 garbage-first heap   total 416768K, used 363902K [0x0000000080000000, 0x0000000100000000)
  region size 1024K, 122 young (124928K), 7 survivors (7168K)
 Metaspace       used 203467K, committed 206464K, reserved 1245184K
  class space    used 25693K, committed 27200K, reserved 1048576K
}
Event: 83.465 GC heap after
{Heap after GC invocations=75 (full 0):
 garbage-first heap   total 416768K, used 249630K [0x0000000080000000, 0x0000000100000000)
  region size 1024K, 9 young (9216K), 9 survivors (9216K)
 Metaspace       used 203467K, committed 206464K, reserved 1245184K
  class space    used 25693K, committed 27200K, reserved 1048576K
}
Event: 86.194 GC heap before
{Heap before GC invocations=76 (full 0):
 garbage-first heap   total 416768K, used 377856K [0x0000000080000000, 0x0000000100000000)
  region size 1024K, 133 young (136192K), 9 survivors (9216K)
 Metaspace       used 205438K, committed 208448K, reserved 1245184K
  class space    used 25937K, committed 27456K, reserved 1048576K
}
Event: 86.214 GC heap after
{Heap after GC invocations=77 (full 0):
 garbage-first heap   total 416768K, used 260379K [0x0000000080000000, 0x0000000100000000)
  region size 1024K, 17 young (17408K), 17 survivors (17408K)
 Metaspace       used 205438K, committed 208448K, reserved 1245184K
  class space    used 25937K, committed 27456K, reserved 1048576K
}
Event: 89.167 GC heap before
{Heap before GC invocations=77 (full 0):
 garbage-first heap   total 416768K, used 408859K [0x0000000080000000, 0x0000000100000000)
  region size 1024K, 131 young (134144K), 17 survivors (17408K)
 Metaspace       used 211511K, committed 214528K, reserved 1245184K
  class space    used 26738K, committed 28224K, reserved 1048576K
}

