# JRE version: OpenJDK Runtime Environment (21.0.6) (build 21.0.6+-13355223-b631.42)
# Java VM: OpenJDK 64-Bit Server VM (21.0.6+-13355223-b631.42, mixed mode, tiered, compressed oops, compressed class ptrs, g1 gc, windows-amd64)
GC Precious Log:
 CardTable entry size: 512
 Card Set container configuration: InlinePtr #cards 5 size 8 Array Of Cards #cards 12 size 40 Howl #buckets 4 coarsen threshold 1843 Howl Bitmap #cards 512 size 80 coarsen threshold 460 Card regions per heap region 1 cards per card region 2048
 CPUs: 8 total, 8 available
 Memory: 8035M
 Large Page Support: Disabled
 NUMA Support: Disabled
 Compressed Oops: Enabled (32-bit)
 Heap Region Size: 1M
 Heap Min Capacity: 8M
 Heap Initial Capacity: 126M
 Heap Max Capacity: 2G
 Pre-touch: Disabled
 Parallel Workers: 8
 Concurrent Workers: 2
 Concurrent Refinement Workers: 8
 Periodic GC: Disabled
Heap:
 garbage-first heap   total 373760K, used 280930K [0x0000000080000000, 0x0000000100000000)
  region size 1024K, 18 young (18432K), 10 survivors (10240K)
 Metaspace       used 132596K, committed 135040K, reserved 1179648K
  class space    used 18020K, committed 19264K, reserved 1048576K
GC Heap History (20 events):
Event: 29.938 GC heap before
{Heap before GC invocations=46 (full 0):
 garbage-first heap   total 249856K, used 232693K [0x0000000080000000, 0x0000000100000000)
  region size 1024K, 85 young (87040K), 8 survivors (8192K)
 Metaspace       used 115938K, committed 118272K, reserved 1179648K
  class space    used 15565K, committed 16704K, reserved 1048576K
}
Event: 29.953 GC heap after
{Heap after GC invocations=47 (full 0):
 garbage-first heap   total 249856K, used 151746K [0x0000000080000000, 0x0000000100000000)
  region size 1024K, 10 young (10240K), 10 survivors (10240K)
 Metaspace       used 115938K, committed 118272K, reserved 1179648K
  class space    used 15565K, committed 16704K, reserved 1048576K
}
Event: 31.185 GC heap before
{Heap before GC invocations=47 (full 0):
 garbage-first heap   total 249856K, used 224450K [0x0000000080000000, 0x0000000100000000)
  region size 1024K, 82 young (83968K), 10 survivors (10240K)
 Metaspace       used 119634K, committed 121984K, reserved 1179648K
  class space    used 16002K, committed 17152K, reserved 1048576K
}
Event: 31.200 GC heap after
{Heap after GC invocations=48 (full 0):
 garbage-first heap   total 249856K, used 157595K [0x0000000080000000, 0x0000000100000000)
  region size 1024K, 8 young (8192K), 8 survivors (8192K)
 Metaspace       used 119634K, committed 121984K, reserved 1179648K
  class space    used 16002K, committed 17152K, reserved 1048576K
}
Event: 55.977 GC heap before
{Heap before GC invocations=49 (full 0):
 garbage-first heap   total 263168K, used 226203K [0x0000000080000000, 0x0000000100000000)
  region size 1024K, 76 young (77824K), 8 survivors (8192K)
 Metaspace       used 120719K, committed 123136K, reserved 1179648K
  class space    used 16146K, committed 17344K, reserved 1048576K
}
Event: 55.991 GC heap after
{Heap after GC invocations=50 (full 0):
 garbage-first heap   total 263168K, used 161939K [0x0000000080000000, 0x0000000100000000)
  region size 1024K, 5 young (5120K), 5 survivors (5120K)
 Metaspace       used 120719K, committed 123136K, reserved 1179648K
  class space    used 16146K, committed 17344K, reserved 1048576K
}
Event: 57.874 GC heap before
{Heap before GC invocations=50 (full 0):
 garbage-first heap   total 263168K, used 241811K [0x0000000080000000, 0x0000000100000000)
  region size 1024K, 84 young (86016K), 5 survivors (5120K)
 Metaspace       used 123995K, committed 126464K, reserved 1179648K
  class space    used 16658K, committed 17920K, reserved 1048576K
}
Event: 57.895 GC heap after
{Heap after GC invocations=51 (full 0):
 garbage-first heap   total 263168K, used 169448K [0x0000000080000000, 0x0000000100000000)
  region size 1024K, 11 young (11264K), 11 survivors (11264K)
 Metaspace       used 123995K, committed 126464K, reserved 1179648K
  class space    used 16658K, committed 17920K, reserved 1048576K
}
Event: 59.120 GC heap before
{Heap before GC invocations=51 (full 0):
 garbage-first heap   total 263168K, used 236008K [0x0000000080000000, 0x0000000100000000)
  region size 1024K, 77 young (78848K), 11 survivors (11264K)
 Metaspace       used 124917K, committed 127424K, reserved 1179648K
  class space    used 16797K, committed 18112K, reserved 1048576K
}
Event: 59.139 GC heap after
{Heap after GC invocations=52 (full 0):
 garbage-first heap   total 263168K, used 175581K [0x0000000080000000, 0x0000000100000000)
  region size 1024K, 6 young (6144K), 6 survivors (6144K)
 Metaspace       used 124917K, committed 127424K, reserved 1179648K
  class space    used 16797K, committed 18112K, reserved 1048576K
}
Event: 60.246 GC heap before
{Heap before GC invocations=53 (full 0):
 garbage-first heap   total 293888K, used 240093K [0x0000000080000000, 0x0000000100000000)
  region size 1024K, 70 young (71680K), 6 survivors (6144K)
 Metaspace       used 125886K, committed 128320K, reserved 1179648K
  class space    used 16919K, committed 18176K, reserved 1048576K
}
Event: 60.257 GC heap after
{Heap after GC invocations=54 (full 0):
 garbage-first heap   total 293888K, used 180026K [0x0000000080000000, 0x0000000100000000)
  region size 1024K, 7 young (7168K), 7 survivors (7168K)
 Metaspace       used 125886K, committed 128320K, reserved 1179648K
  class space    used 16919K, committed 18176K, reserved 1048576K
}
Event: 62.331 GC heap before
{Heap before GC invocations=54 (full 0):
 garbage-first heap   total 293888K, used 291642K [0x0000000080000000, 0x0000000100000000)
  region size 1024K, 75 young (76800K), 7 survivors (7168K)
 Metaspace       used 129840K, committed 132352K, reserved 1179648K
  class space    used 17469K, committed 18752K, reserved 1048576K
}
Event: 62.363 GC heap after
{Heap after GC invocations=55 (full 0):
 garbage-first heap   total 317440K, used 216376K [0x0000000080000000, 0x0000000100000000)
  region size 1024K, 12 young (12288K), 12 survivors (12288K)
 Metaspace       used 129840K, committed 132352K, reserved 1179648K
  class space    used 17469K, committed 18752K, reserved 1048576K
}
Event: 62.548 GC heap before
{Heap before GC invocations=55 (full 0):
 garbage-first heap   total 317440K, used 228664K [0x0000000080000000, 0x0000000100000000)
  region size 1024K, 25 young (25600K), 12 survivors (12288K)
 Metaspace       used 129842K, committed 132352K, reserved 1179648K
  class space    used 17469K, committed 18752K, reserved 1048576K
}
Event: 62.570 GC heap after
{Heap after GC invocations=56 (full 0):
 garbage-first heap   total 317440K, used 222208K [0x0000000080000000, 0x0000000100000000)
  region size 1024K, 5 young (5120K), 5 survivors (5120K)
 Metaspace       used 129842K, committed 132352K, reserved 1179648K
  class space    used 17469K, committed 18752K, reserved 1048576K
}
Event: 64.023 GC heap before
{Heap before GC invocations=57 (full 0):
 garbage-first heap   total 373760K, used 278528K [0x0000000080000000, 0x0000000100000000)
  region size 1024K, 59 young (60416K), 5 survivors (5120K)
 Metaspace       used 132464K, committed 134912K, reserved 1179648K
  class space    used 18012K, committed 19264K, reserved 1048576K
}
Event: 64.054 GC heap after
{Heap after GC invocations=58 (full 0):
 garbage-first heap   total 373760K, used 244736K [0x0000000080000000, 0x0000000100000000)
  region size 1024K, 8 young (8192K), 8 survivors (8192K)
 Metaspace       used 132464K, committed 134912K, reserved 1179648K
  class space    used 18012K, committed 19264K, reserved 1048576K
}
Event: 65.356 GC heap before
{Heap before GC invocations=58 (full 0):
 garbage-first heap   total 373760K, used 313344K [0x0000000080000000, 0x0000000100000000)
  region size 1024K, 76 young (77824K), 8 survivors (8192K)
 Metaspace       used 132584K, committed 135040K, reserved 1179648K
  class space    used 18018K, committed 19264K, reserved 1048576K
}
Event: 65.423 GC heap after
{Heap after GC invocations=59 (full 0):
 garbage-first heap   total 373760K, used 273762K [0x0000000080000000, 0x0000000100000000)
  region size 1024K, 10 young (10240K), 10 survivors (10240K)
 Metaspace       used 132584K, committed 135040K, reserved 1179648K
  class space    used 18018K, committed 19264K, reserved 1048576K
}

