# JRE version: OpenJDK Runtime Environment (21.0.6) (build 21.0.6+-13355223-b631.42)
# Java VM: OpenJDK 64-Bit Server VM (21.0.6+-13355223-b631.42, mixed mode, tiered, compressed oops, compressed class ptrs, g1 gc, windows-amd64)
GC Precious Log:
 CardTable entry size: 512
 Card Set container configuration: InlinePtr #cards 5 size 8 Array Of Cards #cards 12 size 40 Howl #buckets 4 coarsen threshold 1843 Howl Bitmap #cards 512 size 80 coarsen threshold 460 Card regions per heap region 1 cards per card region 2048
 CPUs: 8 total, 8 available
 Memory: 8035M
 Large Page Support: Disabled
 NUMA Support: Disabled
 Compressed Oops: Enabled (32-bit)
 Heap Region Size: 1M
 Heap Min Capacity: 8M
 Heap Initial Capacity: 126M
 Heap Max Capacity: 2G
 Pre-touch: Disabled
 Parallel Workers: 8
 Concurrent Workers: 2
 Concurrent Refinement Workers: 8
 Periodic GC: Disabled
Heap:
 garbage-first heap   total 322560K, used 170766K [0x0000000080000000, 0x0000000100000000)
  region size 1024K, 13 young (13312K), 3 survivors (3072K)
 Metaspace       used 124183K, committed 126400K, reserved 1179648K
  class space    used 17332K, committed 18432K, reserved 1048576K
GC Heap History (20 events):
Event: 26.964 GC heap before
{Heap before GC invocations=37 (full 0):
 garbage-first heap   total 153600K, used 138076K [0x0000000080000000, 0x0000000100000000)
  region size 1024K, 53 young (54272K), 6 survivors (6144K)
 Metaspace       used 105512K, committed 107712K, reserved 1179648K
  class space    used 14470K, committed 15552K, reserved 1048576K
}
Event: 26.976 GC heap after
{Heap after GC invocations=38 (full 0):
 garbage-first heap   total 184320K, used 97683K [0x0000000080000000, 0x0000000100000000)
  region size 1024K, 7 young (7168K), 7 survivors (7168K)
 Metaspace       used 105512K, committed 107712K, reserved 1179648K
  class space    used 14470K, committed 15552K, reserved 1048576K
}
Event: 27.924 GC heap before
{Heap before GC invocations=39 (full 0):
 garbage-first heap   total 184320K, used 160147K [0x0000000080000000, 0x0000000100000000)
  region size 1024K, 69 young (70656K), 7 survivors (7168K)
 Metaspace       used 109802K, committed 112000K, reserved 1179648K
  class space    used 15112K, committed 16192K, reserved 1048576K
}
Event: 27.941 GC heap after
{Heap after GC invocations=40 (full 0):
 garbage-first heap   total 184320K, used 106085K [0x0000000080000000, 0x0000000100000000)
  region size 1024K, 9 young (9216K), 9 survivors (9216K)
 Metaspace       used 109802K, committed 112000K, reserved 1179648K
  class space    used 15112K, committed 16192K, reserved 1048576K
}
Event: 28.254 GC heap before
{Heap before GC invocations=40 (full 0):
 garbage-first heap   total 184320K, used 161381K [0x0000000080000000, 0x0000000100000000)
  region size 1024K, 64 young (65536K), 9 survivors (9216K)
 Metaspace       used 111188K, committed 113344K, reserved 1179648K
  class space    used 15351K, committed 16448K, reserved 1048576K
}
Event: 28.278 GC heap after
{Heap after GC invocations=41 (full 0):
 garbage-first heap   total 185344K, used 116723K [0x0000000080000000, 0x0000000100000000)
  region size 1024K, 8 young (8192K), 8 survivors (8192K)
 Metaspace       used 111188K, committed 113344K, reserved 1179648K
  class space    used 15351K, committed 16448K, reserved 1048576K
}
Event: 28.600 GC heap before
{Heap before GC invocations=41 (full 0):
 garbage-first heap   total 185344K, used 163827K [0x0000000080000000, 0x0000000100000000)
  region size 1024K, 55 young (56320K), 8 survivors (8192K)
 Metaspace       used 113060K, committed 115200K, reserved 1179648K
  class space    used 15626K, committed 16704K, reserved 1048576K
}
Event: 28.620 GC heap after
{Heap after GC invocations=42 (full 0):
 garbage-first heap   total 185344K, used 125197K [0x0000000080000000, 0x0000000100000000)
  region size 1024K, 7 young (7168K), 7 survivors (7168K)
 Metaspace       used 113060K, committed 115200K, reserved 1179648K
  class space    used 15626K, committed 16704K, reserved 1048576K
}
Event: 28.895 GC heap before
{Heap before GC invocations=42 (full 0):
 garbage-first heap   total 209920K, used 165133K [0x0000000080000000, 0x0000000100000000)
  region size 1024K, 47 young (48128K), 7 survivors (7168K)
 Metaspace       used 113671K, committed 115840K, reserved 1179648K
  class space    used 15718K, committed 16832K, reserved 1048576K
}
Event: 28.913 GC heap after
{Heap after GC invocations=43 (full 0):
 garbage-first heap   total 209920K, used 132762K [0x0000000080000000, 0x0000000100000000)
  region size 1024K, 6 young (6144K), 6 survivors (6144K)
 Metaspace       used 113671K, committed 115840K, reserved 1179648K
  class space    used 15718K, committed 16832K, reserved 1048576K
}
Event: 29.313 GC heap before
{Heap before GC invocations=44 (full 0):
 garbage-first heap   total 209920K, used 184986K [0x0000000080000000, 0x0000000100000000)
  region size 1024K, 58 young (59392K), 6 survivors (6144K)
 Metaspace       used 116487K, committed 118656K, reserved 1179648K
  class space    used 16277K, committed 17344K, reserved 1048576K
}
Event: 29.336 GC heap after
{Heap after GC invocations=45 (full 0):
 garbage-first heap   total 209920K, used 141721K [0x0000000080000000, 0x0000000100000000)
  region size 1024K, 8 young (8192K), 8 survivors (8192K)
 Metaspace       used 116487K, committed 118656K, reserved 1179648K
  class space    used 16277K, committed 17344K, reserved 1048576K
}
Event: 29.474 GC heap before
{Heap before GC invocations=45 (full 0):
 garbage-first heap   total 209920K, used 188825K [0x0000000080000000, 0x0000000100000000)
  region size 1024K, 54 young (55296K), 8 survivors (8192K)
 Metaspace       used 116953K, committed 119168K, reserved 1179648K
  class space    used 16352K, committed 17472K, reserved 1048576K
}
Event: 29.496 GC heap after
{Heap after GC invocations=46 (full 0):
 garbage-first heap   total 322560K, used 150178K [0x0000000080000000, 0x0000000100000000)
  region size 1024K, 7 young (7168K), 7 survivors (7168K)
 Metaspace       used 116953K, committed 119168K, reserved 1179648K
  class space    used 16352K, committed 17472K, reserved 1048576K
}
Event: 30.522 GC heap before
{Heap before GC invocations=46 (full 0):
 garbage-first heap   total 322560K, used 262818K [0x0000000080000000, 0x0000000100000000)
  region size 1024K, 118 young (120832K), 7 survivors (7168K)
 Metaspace       used 121700K, committed 123904K, reserved 1179648K
  class space    used 17110K, committed 18176K, reserved 1048576K
}
Event: 30.545 GC heap after
{Heap after GC invocations=47 (full 0):
 garbage-first heap   total 322560K, used 161504K [0x0000000080000000, 0x0000000100000000)
  region size 1024K, 15 young (15360K), 15 survivors (15360K)
 Metaspace       used 121700K, committed 123904K, reserved 1179648K
  class space    used 17110K, committed 18176K, reserved 1048576K
}
Event: 31.686 GC heap before
{Heap before GC invocations=48 (full 0):
 garbage-first heap   total 322560K, used 270048K [0x0000000080000000, 0x0000000100000000)
  region size 1024K, 121 young (123904K), 15 survivors (15360K)
 Metaspace       used 122886K, committed 125056K, reserved 1179648K
  class space    used 17177K, committed 18240K, reserved 1048576K
}
Event: 31.705 GC heap after
{Heap after GC invocations=49 (full 0):
 garbage-first heap   total 322560K, used 164916K [0x0000000080000000, 0x0000000100000000)
  region size 1024K, 3 young (3072K), 3 survivors (3072K)
 Metaspace       used 122886K, committed 125056K, reserved 1179648K
  class space    used 17177K, committed 18240K, reserved 1048576K
}
Event: 32.257 GC heap before
{Heap before GC invocations=49 (full 0):
 garbage-first heap   total 322560K, used 279604K [0x0000000080000000, 0x0000000100000000)
  region size 1024K, 115 young (117760K), 3 survivors (3072K)
 Metaspace       used 123578K, committed 125824K, reserved 1179648K
  class space    used 17264K, committed 18368K, reserved 1048576K
}
Event: 32.264 GC heap after
{Heap after GC invocations=50 (full 0):
 garbage-first heap   total 322560K, used 162190K [0x0000000080000000, 0x0000000100000000)
  region size 1024K, 2 young (2048K), 2 survivors (2048K)
 Metaspace       used 123578K, committed 125824K, reserved 1179648K
  class space    used 17264K, committed 18368K, reserved 1048576K
}

