# JRE version: OpenJDK Runtime Environment (21.0.6) (build 21.0.6+-13355223-b631.42)
# Java VM: OpenJDK 64-Bit Server VM (21.0.6+-13355223-b631.42, mixed mode, tiered, compressed oops, compressed class ptrs, g1 gc, windows-amd64)
GC Precious Log:
 CardTable entry size: 512
 Card Set container configuration: InlinePtr #cards 5 size 8 Array Of Cards #cards 12 size 40 Howl #buckets 4 coarsen threshold 1843 Howl Bitmap #cards 512 size 80 coarsen threshold 460 Card regions per heap region 1 cards per card region 2048
 CPUs: 8 total, 8 available
 Memory: 8035M
 Large Page Support: Disabled
 NUMA Support: Disabled
 Compressed Oops: Enabled (32-bit)
 Heap Region Size: 1M
 Heap Min Capacity: 8M
 Heap Initial Capacity: 126M
 Heap Max Capacity: 2G
 Pre-touch: Disabled
 Parallel Workers: 8
 Concurrent Workers: 2
 Concurrent Refinement Workers: 8
 Periodic GC: Disabled
Heap:
 garbage-first heap   total 391168K, used 270848K [0x0000000080000000, 0x0000000100000000)
  region size 1024K, 46 young (47104K), 8 survivors (8192K)
 Metaspace       used 194631K, committed 197696K, reserved 1245184K
  class space    used 24810K, committed 26368K, reserved 1048576K
GC Heap History (20 events):
Event: 40.828 GC heap before
{Heap before GC invocations=54 (full 0):
 garbage-first heap   total 317440K, used 249699K [0x0000000080000000, 0x0000000100000000)
  region size 1024K, 64 young (65536K), 5 survivors (5120K)
 Metaspace       used 159219K, committed 161792K, reserved 1245184K
  class space    used 20377K, committed 21632K, reserved 1048576K
}
Event: 40.837 GC heap after
{Heap after GC invocations=55 (full 0):
 garbage-first heap   total 317440K, used 188995K [0x0000000080000000, 0x0000000100000000)
  region size 1024K, 6 young (6144K), 6 survivors (6144K)
 Metaspace       used 159219K, committed 161792K, reserved 1245184K
  class space    used 20377K, committed 21632K, reserved 1048576K
}
Event: 44.338 GC heap before
{Heap before GC invocations=55 (full 0):
 garbage-first heap   total 317440K, used 306755K [0x0000000080000000, 0x0000000100000000)
  region size 1024K, 107 young (109568K), 6 survivors (6144K)
 Metaspace       used 165927K, committed 168640K, reserved 1245184K
  class space    used 21351K, committed 22656K, reserved 1048576K
}
Event: 44.355 GC heap after
{Heap after GC invocations=56 (full 0):
 garbage-first heap   total 323584K, used 204343K [0x0000000080000000, 0x0000000100000000)
  region size 1024K, 14 young (14336K), 14 survivors (14336K)
 Metaspace       used 165927K, committed 168640K, reserved 1245184K
  class space    used 21351K, committed 22656K, reserved 1048576K
}
Event: 46.284 GC heap before
{Heap before GC invocations=56 (full 0):
 garbage-first heap   total 323584K, used 291383K [0x0000000080000000, 0x0000000100000000)
  region size 1024K, 99 young (101376K), 14 survivors (14336K)
 Metaspace       used 165928K, committed 168640K, reserved 1245184K
  class space    used 21351K, committed 22656K, reserved 1048576K
}
Event: 46.315 GC heap after
{Heap after GC invocations=57 (full 0):
 garbage-first heap   total 323584K, used 201994K [0x0000000080000000, 0x0000000100000000)
  region size 1024K, 6 young (6144K), 6 survivors (6144K)
 Metaspace       used 165928K, committed 168640K, reserved 1245184K
  class space    used 21351K, committed 22656K, reserved 1048576K
}
Event: 48.302 GC heap before
{Heap before GC invocations=57 (full 0):
 garbage-first heap   total 323584K, used 298250K [0x0000000080000000, 0x0000000100000000)
  region size 1024K, 100 young (102400K), 6 survivors (6144K)
 Metaspace       used 165930K, committed 168640K, reserved 1245184K
  class space    used 21351K, committed 22656K, reserved 1048576K
}
Event: 48.312 GC heap after
{Heap after GC invocations=58 (full 0):
 garbage-first heap   total 323584K, used 204746K [0x0000000080000000, 0x0000000100000000)
  region size 1024K, 9 young (9216K), 9 survivors (9216K)
 Metaspace       used 165930K, committed 168640K, reserved 1245184K
  class space    used 21351K, committed 22656K, reserved 1048576K
}
Event: 50.467 GC heap before
{Heap before GC invocations=59 (full 0):
 garbage-first heap   total 337920K, used 293834K [0x0000000080000000, 0x0000000100000000)
  region size 1024K, 98 young (100352K), 9 survivors (9216K)
 Metaspace       used 171577K, committed 174336K, reserved 1245184K
  class space    used 22047K, committed 23424K, reserved 1048576K
}
Event: 50.479 GC heap after
{Heap after GC invocations=60 (full 0):
 garbage-first heap   total 337920K, used 204373K [0x0000000080000000, 0x0000000100000000)
  region size 1024K, 9 young (9216K), 9 survivors (9216K)
 Metaspace       used 171577K, committed 174336K, reserved 1245184K
  class space    used 22047K, committed 23424K, reserved 1048576K
}
Event: 52.568 GC heap before
{Heap before GC invocations=60 (full 0):
 garbage-first heap   total 337920K, used 314965K [0x0000000080000000, 0x0000000100000000)
  region size 1024K, 112 young (114688K), 9 survivors (9216K)
 Metaspace       used 179442K, committed 182272K, reserved 1245184K
  class space    used 22924K, committed 24320K, reserved 1048576K
}
Event: 52.590 GC heap after
{Heap after GC invocations=61 (full 0):
 garbage-first heap   total 337920K, used 197192K [0x0000000080000000, 0x0000000100000000)
  region size 1024K, 12 young (12288K), 12 survivors (12288K)
 Metaspace       used 179442K, committed 182272K, reserved 1245184K
  class space    used 22924K, committed 24320K, reserved 1048576K
}
Event: 283.004 GC heap before
{Heap before GC invocations=61 (full 0):
 garbage-first heap   total 337920K, used 306760K [0x0000000080000000, 0x0000000100000000)
  region size 1024K, 119 young (121856K), 12 survivors (12288K)
 Metaspace       used 184023K, committed 187008K, reserved 1245184K
  class space    used 23487K, committed 24960K, reserved 1048576K
}
Event: 283.029 GC heap after
{Heap after GC invocations=62 (full 0):
 garbage-first heap   total 337920K, used 202726K [0x0000000080000000, 0x0000000100000000)
  region size 1024K, 14 young (14336K), 14 survivors (14336K)
 Metaspace       used 184023K, committed 187008K, reserved 1245184K
  class space    used 23487K, committed 24960K, reserved 1048576K
}
Event: 284.928 GC heap before
{Heap before GC invocations=63 (full 0):
 garbage-first heap   total 339968K, used 303078K [0x0000000080000000, 0x0000000100000000)
  region size 1024K, 113 young (115712K), 14 survivors (14336K)
 Metaspace       used 186833K, committed 189824K, reserved 1245184K
  class space    used 23854K, committed 25344K, reserved 1048576K
}
Event: 284.951 GC heap after
{Heap after GC invocations=64 (full 0):
 garbage-first heap   total 339968K, used 210517K [0x0000000080000000, 0x0000000100000000)
  region size 1024K, 15 young (15360K), 15 survivors (15360K)
 Metaspace       used 186833K, committed 189824K, reserved 1245184K
  class space    used 23854K, committed 25344K, reserved 1048576K
}
Event: 286.967 GC heap before
{Heap before GC invocations=64 (full 0):
 garbage-first heap   total 339968K, used 322133K [0x0000000080000000, 0x0000000100000000)
  region size 1024K, 108 young (110592K), 15 survivors (15360K)
 Metaspace       used 190295K, committed 193280K, reserved 1245184K
  class space    used 24330K, committed 25792K, reserved 1048576K
}
Event: 287.017 GC heap after
{Heap after GC invocations=65 (full 0):
 garbage-first heap   total 366592K, used 229376K [0x0000000080000000, 0x0000000100000000)
  region size 1024K, 14 young (14336K), 14 survivors (14336K)
 Metaspace       used 190295K, committed 193280K, reserved 1245184K
  class space    used 24330K, committed 25792K, reserved 1048576K
}
Event: 288.857 GC heap before
{Heap before GC invocations=65 (full 0):
 garbage-first heap   total 366592K, used 325632K [0x0000000080000000, 0x0000000100000000)
  region size 1024K, 109 young (111616K), 14 survivors (14336K)
 Metaspace       used 194530K, committed 197632K, reserved 1245184K
  class space    used 24800K, committed 26368K, reserved 1048576K
}
Event: 288.881 GC heap after
{Heap after GC invocations=66 (full 0):
 garbage-first heap   total 366592K, used 238080K [0x0000000080000000, 0x0000000100000000)
  region size 1024K, 8 young (8192K), 8 survivors (8192K)
 Metaspace       used 194530K, committed 197632K, reserved 1245184K
  class space    used 24800K, committed 26368K, reserved 1048576K
}

