# JRE version: OpenJDK Runtime Environment (21.0.6) (build 21.0.6+-13355223-b631.42)
# Java VM: OpenJDK 64-Bit Server VM (21.0.6+-13355223-b631.42, mixed mode, tiered, compressed oops, compressed class ptrs, g1 gc, windows-amd64)
GC Precious Log:
 CardTable entry size: 512
 Card Set container configuration: InlinePtr #cards 5 size 8 Array Of Cards #cards 12 size 40 Howl #buckets 4 coarsen threshold 1843 Howl Bitmap #cards 512 size 80 coarsen threshold 460 Card regions per heap region 1 cards per card region 2048
 CPUs: 8 total, 8 available
 Memory: 8035M
 Large Page Support: Disabled
 NUMA Support: Disabled
 Compressed Oops: Enabled (32-bit)
 Heap Region Size: 1M
 Heap Min Capacity: 8M
 Heap Initial Capacity: 126M
 Heap Max Capacity: 2G
 Pre-touch: Disabled
 Parallel Workers: 8
 Concurrent Workers: 2
 Concurrent Refinement Workers: 8
 Periodic GC: Disabled
Heap:
 garbage-first heap   total 188416K, used 125230K [0x0000000080000000, 0x0000000100000000)
  region size 1024K, 6 young (6144K), 6 survivors (6144K)
 Metaspace       used 113456K, committed 115584K, reserved 1179648K
  class space    used 15511K, committed 16576K, reserved 1048576K
GC Heap History (20 events):
Event: 22.804 GC heap after
{Heap after GC invocations=30 (full 0):
 garbage-first heap   total 146432K, used 73947K [0x0000000080000000, 0x0000000100000000)
  region size 1024K, 3 young (3072K), 3 survivors (3072K)
 Metaspace       used 88309K, committed 90240K, reserved 1179648K
  class space    used 12062K, committed 13056K, reserved 1048576K
}
Event: 23.992 GC heap before
{Heap before GC invocations=30 (full 0):
 garbage-first heap   total 146432K, used 126171K [0x0000000080000000, 0x0000000100000000)
  region size 1024K, 54 young (55296K), 3 survivors (3072K)
 Metaspace       used 92644K, committed 94720K, reserved 1179648K
  class space    used 12693K, committed 13696K, reserved 1048576K
}
Event: 24.000 GC heap after
{Heap after GC invocations=31 (full 0):
 garbage-first heap   total 146432K, used 77001K [0x0000000080000000, 0x0000000100000000)
  region size 1024K, 6 young (6144K), 6 survivors (6144K)
 Metaspace       used 92644K, committed 94720K, reserved 1179648K
  class space    used 12693K, committed 13696K, reserved 1048576K
}
Event: 25.282 GC heap before
{Heap before GC invocations=32 (full 0):
 garbage-first heap   total 146432K, used 129225K [0x0000000080000000, 0x0000000100000000)
  region size 1024K, 57 young (58368K), 6 survivors (6144K)
 Metaspace       used 96428K, committed 98496K, reserved 1179648K
  class space    used 13318K, committed 14336K, reserved 1048576K
}
Event: 25.291 GC heap after
{Heap after GC invocations=33 (full 0):
 garbage-first heap   total 146432K, used 79332K [0x0000000080000000, 0x0000000100000000)
  region size 1024K, 7 young (7168K), 7 survivors (7168K)
 Metaspace       used 96428K, committed 98496K, reserved 1179648K
  class space    used 13318K, committed 14336K, reserved 1048576K
}
Event: 26.398 GC heap before
{Heap before GC invocations=33 (full 0):
 garbage-first heap   total 146432K, used 129508K [0x0000000080000000, 0x0000000100000000)
  region size 1024K, 56 young (57344K), 7 survivors (7168K)
 Metaspace       used 101287K, committed 103424K, reserved 1179648K
  class space    used 14043K, committed 15104K, reserved 1048576K
}
Event: 26.413 GC heap after
{Heap after GC invocations=34 (full 0):
 garbage-first heap   total 146432K, used 82518K [0x0000000080000000, 0x0000000100000000)
  region size 1024K, 7 young (7168K), 7 survivors (7168K)
 Metaspace       used 101287K, committed 103424K, reserved 1179648K
  class space    used 14043K, committed 15104K, reserved 1048576K
}
Event: 26.954 GC heap before
{Heap before GC invocations=34 (full 0):
 garbage-first heap   total 146432K, used 130646K [0x0000000080000000, 0x0000000100000000)
  region size 1024K, 54 young (55296K), 7 survivors (7168K)
 Metaspace       used 101818K, committed 104000K, reserved 1179648K
  class space    used 14087K, committed 15168K, reserved 1048576K
}
Event: 26.967 GC heap after
{Heap after GC invocations=35 (full 0):
 garbage-first heap   total 146432K, used 86904K [0x0000000080000000, 0x0000000100000000)
  region size 1024K, 5 young (5120K), 5 survivors (5120K)
 Metaspace       used 101818K, committed 104000K, reserved 1179648K
  class space    used 14087K, committed 15168K, reserved 1048576K
}
Event: 28.192 GC heap before
{Heap before GC invocations=36 (full 0):
 garbage-first heap   total 147456K, used 138104K [0x0000000080000000, 0x0000000100000000)
  region size 1024K, 49 young (50176K), 5 survivors (5120K)
 Metaspace       used 104835K, committed 107008K, reserved 1179648K
  class space    used 14375K, committed 15488K, reserved 1048576K
}
Event: 28.209 GC heap after
{Heap after GC invocations=37 (full 0):
 garbage-first heap   total 154624K, used 96665K [0x0000000080000000, 0x0000000100000000)
  region size 1024K, 7 young (7168K), 7 survivors (7168K)
 Metaspace       used 104835K, committed 107008K, reserved 1179648K
  class space    used 14375K, committed 15488K, reserved 1048576K
}
Event: 30.007 GC heap before
{Heap before GC invocations=37 (full 0):
 garbage-first heap   total 158720K, used 149913K [0x0000000080000000, 0x0000000100000000)
  region size 1024K, 45 young (46080K), 7 survivors (7168K)
 Metaspace       used 105536K, committed 107776K, reserved 1179648K
  class space    used 14443K, committed 15552K, reserved 1048576K
}
Event: 30.030 GC heap after
{Heap after GC invocations=38 (full 0):
 garbage-first heap   total 172032K, used 106810K [0x0000000080000000, 0x0000000100000000)
  region size 1024K, 6 young (6144K), 6 survivors (6144K)
 Metaspace       used 105536K, committed 107776K, reserved 1179648K
  class space    used 14443K, committed 15552K, reserved 1048576K
}
Event: 31.044 GC heap before
{Heap before GC invocations=38 (full 0):
 garbage-first heap   total 172032K, used 145722K [0x0000000080000000, 0x0000000100000000)
  region size 1024K, 45 young (46080K), 6 survivors (6144K)
 Metaspace       used 108326K, committed 110464K, reserved 1179648K
  class space    used 14741K, committed 15808K, reserved 1048576K
}
Event: 31.056 GC heap after
{Heap after GC invocations=39 (full 0):
 garbage-first heap   total 172032K, used 111660K [0x0000000080000000, 0x0000000100000000)
  region size 1024K, 5 young (5120K), 5 survivors (5120K)
 Metaspace       used 108326K, committed 110464K, reserved 1179648K
  class space    used 14741K, committed 15808K, reserved 1048576K
}
Event: 33.305 GC heap before
{Heap before GC invocations=40 (full 0):
 garbage-first heap   total 188416K, used 149548K [0x0000000080000000, 0x0000000100000000)
  region size 1024K, 42 young (43008K), 5 survivors (5120K)
 Metaspace       used 109198K, committed 111360K, reserved 1179648K
  class space    used 14840K, committed 15936K, reserved 1048576K
}
Event: 33.314 GC heap after
{Heap after GC invocations=41 (full 0):
 garbage-first heap   total 188416K, used 114902K [0x0000000080000000, 0x0000000100000000)
  region size 1024K, 5 young (5120K), 5 survivors (5120K)
 Metaspace       used 109198K, committed 111360K, reserved 1179648K
  class space    used 14840K, committed 15936K, reserved 1048576K
}
Event: 33.701 GC heap before
{Heap before GC invocations=41 (full 0):
 garbage-first heap   total 188416K, used 163030K [0x0000000080000000, 0x0000000100000000)
  region size 1024K, 53 young (54272K), 5 survivors (5120K)
 Metaspace       used 110075K, committed 112256K, reserved 1179648K
  class space    used 14979K, committed 16064K, reserved 1048576K
}
Event: 33.713 GC heap after
{Heap after GC invocations=42 (full 0):
 garbage-first heap   total 188416K, used 119493K [0x0000000080000000, 0x0000000100000000)
  region size 1024K, 7 young (7168K), 7 survivors (7168K)
 Metaspace       used 110075K, committed 112256K, reserved 1179648K
  class space    used 14979K, committed 16064K, reserved 1048576K
}
Event: 36.597 GC heap before
{Heap before GC invocations=42 (full 0):
 garbage-first heap   total 188416K, used 164549K [0x0000000080000000, 0x0000000100000000)
  region size 1024K, 52 young (53248K), 7 survivors (7168K)
 Metaspace       used 113456K, committed 115584K, reserved 1179648K
  class space    used 15511K, committed 16576K, reserved 1048576K
}

