# JRE version: OpenJDK Runtime Environment (21.0.6) (build 21.0.6+-13355223-b631.42)
# Java VM: OpenJDK 64-Bit Server VM (21.0.6+-13355223-b631.42, mixed mode, tiered, compressed oops, compressed class ptrs, g1 gc, windows-amd64)
GC Precious Log:
 CardTable entry size: 512
 Card Set container configuration: InlinePtr #cards 5 size 8 Array Of Cards #cards 12 size 40 Howl #buckets 4 coarsen threshold 1843 Howl Bitmap #cards 512 size 80 coarsen threshold 460 Card regions per heap region 1 cards per card region 2048
 CPUs: 8 total, 8 available
 Memory: 8035M
 Large Page Support: Disabled
 NUMA Support: Disabled
 Compressed Oops: Enabled (32-bit)
 Heap Region Size: 1M
 Heap Min Capacity: 8M
 Heap Initial Capacity: 126M
 Heap Max Capacity: 2G
 Pre-touch: Disabled
 Parallel Workers: 8
 Concurrent Workers: 2
 Concurrent Refinement Workers: 8
 Periodic GC: Disabled
Heap:
 garbage-first heap   total 108544K, used 85310K [0x0000000080000000, 0x0000000100000000)
  region size 1024K, 27 young (27648K), 2 survivors (2048K)
 Metaspace       used 75215K, committed 77056K, reserved 1179648K
  class space    used 10177K, committed 11072K, reserved 1048576K
GC Heap History (20 events):
Event: 8.630 GC heap before
{Heap before GC invocations=10 (full 0):
 garbage-first heap   total 83968K, used 71185K [0x0000000080000000, 0x0000000100000000)
  region size 1024K, 48 young (49152K), 6 survivors (6144K)
 Metaspace       used 46694K, committed 48000K, reserved 1114112K
  class space    used 6237K, committed 6848K, reserved 1048576K
}
Event: 8.642 GC heap after
{Heap after GC invocations=11 (full 0):
 garbage-first heap   total 83968K, used 32216K [0x0000000080000000, 0x0000000100000000)
  region size 1024K, 6 young (6144K), 6 survivors (6144K)
 Metaspace       used 46694K, committed 48000K, reserved 1114112K
  class space    used 6237K, committed 6848K, reserved 1048576K
}
Event: 9.399 GC heap before
{Heap before GC invocations=11 (full 0):
 garbage-first heap   total 83968K, used 72152K [0x0000000080000000, 0x0000000100000000)
  region size 1024K, 45 young (46080K), 6 survivors (6144K)
 Metaspace       used 49474K, committed 50944K, reserved 1114112K
  class space    used 6687K, committed 7424K, reserved 1048576K
}
Event: 9.408 GC heap after
{Heap after GC invocations=12 (full 0):
 garbage-first heap   total 83968K, used 35118K [0x0000000080000000, 0x0000000100000000)
  region size 1024K, 6 young (6144K), 6 survivors (6144K)
 Metaspace       used 49474K, committed 50944K, reserved 1114112K
  class space    used 6687K, committed 7424K, reserved 1048576K
}
Event: 10.504 GC heap before
{Heap before GC invocations=12 (full 0):
 garbage-first heap   total 83968K, used 73006K [0x0000000080000000, 0x0000000100000000)
  region size 1024K, 42 young (43008K), 6 survivors (6144K)
 Metaspace       used 54936K, committed 56448K, reserved 1114112K
  class space    used 7394K, committed 8128K, reserved 1048576K
}
Event: 10.513 GC heap after
{Heap after GC invocations=13 (full 0):
 garbage-first heap   total 101376K, used 36502K [0x0000000080000000, 0x0000000100000000)
  region size 1024K, 4 young (4096K), 4 survivors (4096K)
 Metaspace       used 54936K, committed 56448K, reserved 1114112K
  class space    used 7394K, committed 8128K, reserved 1048576K
}
Event: 11.437 GC heap before
{Heap before GC invocations=13 (full 0):
 garbage-first heap   total 101376K, used 63126K [0x0000000080000000, 0x0000000100000000)
  region size 1024K, 32 young (32768K), 4 survivors (4096K)
 Metaspace       used 58928K, committed 60416K, reserved 1114112K
  class space    used 7960K, committed 8704K, reserved 1048576K
}
Event: 11.444 GC heap after
{Heap after GC invocations=14 (full 0):
 garbage-first heap   total 101376K, used 37612K [0x0000000080000000, 0x0000000100000000)
  region size 1024K, 5 young (5120K), 5 survivors (5120K)
 Metaspace       used 58928K, committed 60416K, reserved 1114112K
  class space    used 7960K, committed 8704K, reserved 1048576K
}
Event: 13.533 GC heap before
{Heap before GC invocations=15 (full 0):
 garbage-first heap   total 101376K, used 89836K [0x0000000080000000, 0x0000000100000000)
  region size 1024K, 56 young (57344K), 5 survivors (5120K)
 Metaspace       used 65153K, committed 66816K, reserved 1114112K
  class space    used 8918K, committed 9728K, reserved 1048576K
}
Event: 13.544 GC heap after
{Heap after GC invocations=16 (full 0):
 garbage-first heap   total 101376K, used 42020K [0x0000000080000000, 0x0000000100000000)
  region size 1024K, 7 young (7168K), 7 survivors (7168K)
 Metaspace       used 65153K, committed 66816K, reserved 1114112K
  class space    used 8918K, committed 9728K, reserved 1048576K
}
Event: 14.337 GC heap before
{Heap before GC invocations=16 (full 0):
 garbage-first heap   total 101376K, used 86052K [0x0000000080000000, 0x0000000100000000)
  region size 1024K, 51 young (52224K), 7 survivors (7168K)
 Metaspace       used 66277K, committed 67968K, reserved 1114112K
  class space    used 9054K, committed 9920K, reserved 1048576K
}
Event: 14.350 GC heap after
{Heap after GC invocations=17 (full 0):
 garbage-first heap   total 101376K, used 45148K [0x0000000080000000, 0x0000000100000000)
  region size 1024K, 5 young (5120K), 5 survivors (5120K)
 Metaspace       used 66277K, committed 67968K, reserved 1114112K
  class space    used 9054K, committed 9920K, reserved 1048576K
}
Event: 14.763 GC heap before
{Heap before GC invocations=17 (full 0):
 garbage-first heap   total 101376K, used 88156K [0x0000000080000000, 0x0000000100000000)
  region size 1024K, 48 young (49152K), 5 survivors (5120K)
 Metaspace       used 66559K, committed 68224K, reserved 1114112K
  class space    used 9054K, committed 9920K, reserved 1048576K
}
Event: 14.770 GC heap after
{Heap after GC invocations=18 (full 0):
 garbage-first heap   total 101376K, used 46325K [0x0000000080000000, 0x0000000100000000)
  region size 1024K, 4 young (4096K), 4 survivors (4096K)
 Metaspace       used 66559K, committed 68224K, reserved 1114112K
  class space    used 9054K, committed 9920K, reserved 1048576K
}
Event: 15.205 GC heap before
{Heap before GC invocations=18 (full 0):
 garbage-first heap   total 101376K, used 88309K [0x0000000080000000, 0x0000000100000000)
  region size 1024K, 46 young (47104K), 4 survivors (4096K)
 Metaspace       used 66654K, committed 68352K, reserved 1114112K
  class space    used 9054K, committed 9920K, reserved 1048576K
}
Event: 15.211 GC heap after
{Heap after GC invocations=19 (full 0):
 garbage-first heap   total 101376K, used 47212K [0x0000000080000000, 0x0000000100000000)
  region size 1024K, 4 young (4096K), 4 survivors (4096K)
 Metaspace       used 66654K, committed 68352K, reserved 1114112K
  class space    used 9054K, committed 9920K, reserved 1048576K
}
Event: 16.397 GC heap before
{Heap before GC invocations=20 (full 0):
 garbage-first heap   total 101376K, used 96364K [0x0000000080000000, 0x0000000100000000)
  region size 1024K, 46 young (47104K), 4 survivors (4096K)
 Metaspace       used 69012K, committed 70784K, reserved 1114112K
  class space    used 9371K, committed 10240K, reserved 1048576K
}
Event: 16.407 GC heap after
{Heap after GC invocations=21 (full 0):
 garbage-first heap   total 108544K, used 60166K [0x0000000080000000, 0x0000000100000000)
  region size 1024K, 6 young (6144K), 6 survivors (6144K)
 Metaspace       used 69012K, committed 70784K, reserved 1114112K
  class space    used 9371K, committed 10240K, reserved 1048576K
}
Event: 17.288 GC heap before
{Heap before GC invocations=21 (full 0):
 garbage-first heap   total 108544K, used 93958K [0x0000000080000000, 0x0000000100000000)
  region size 1024K, 40 young (40960K), 6 survivors (6144K)
 Metaspace       used 72416K, committed 74176K, reserved 1114112K
  class space    used 9753K, committed 10624K, reserved 1048576K
}
Event: 17.295 GC heap after
{Heap after GC invocations=22 (full 0):
 garbage-first heap   total 108544K, used 60734K [0x0000000080000000, 0x0000000100000000)
  region size 1024K, 2 young (2048K), 2 survivors (2048K)
 Metaspace       used 72416K, committed 74176K, reserved 1114112K
  class space    used 9753K, committed 10624K, reserved 1048576K
}

