# JRE version: OpenJDK Runtime Environment (21.0.6) (build 21.0.6+-13355223-b631.42)
# Java VM: OpenJDK 64-Bit Server VM (21.0.6+-13355223-b631.42, mixed mode, tiered, compressed oops, compressed class ptrs, g1 gc, windows-amd64)
GC Precious Log:
 CardTable entry size: 512
 Card Set container configuration: InlinePtr #cards 5 size 8 Array Of Cards #cards 12 size 40 Howl #buckets 4 coarsen threshold 1843 Howl Bitmap #cards 512 size 80 coarsen threshold 460 Card regions per heap region 1 cards per card region 2048
 CPUs: 8 total, 8 available
 Memory: 8035M
 Large Page Support: Disabled
 NUMA Support: Disabled
 Compressed Oops: Enabled (32-bit)
 Heap Region Size: 1M
 Heap Min Capacity: 8M
 Heap Initial Capacity: 126M
 Heap Max Capacity: 2G
 Pre-touch: Disabled
 Parallel Workers: 8
 Concurrent Workers: 2
 Concurrent Refinement Workers: 8
 Periodic GC: Disabled
Heap:
 garbage-first heap   total 334848K, used 174783K [0x0000000080000000, 0x0000000100000000)
  region size 1024K, 12 young (12288K), 12 survivors (12288K)
 Metaspace       used 137521K, committed 139776K, reserved 1179648K
  class space    used 18683K, committed 19776K, reserved 1048576K
GC Heap History (20 events):
Event: 47.611 GC heap after
{Heap after GC invocations=55 (full 0):
 garbage-first heap   total 334848K, used 150676K [0x0000000080000000, 0x0000000100000000)
  region size 1024K, 20 young (20480K), 20 survivors (20480K)
 Metaspace       used 124596K, committed 126784K, reserved 1179648K
  class space    used 16755K, committed 17856K, reserved 1048576K
}
Event: 48.267 GC heap before
{Heap before GC invocations=55 (full 0):
 garbage-first heap   total 334848K, used 286868K [0x0000000080000000, 0x0000000100000000)
  region size 1024K, 154 young (157696K), 20 survivors (20480K)
 Metaspace       used 128489K, committed 130752K, reserved 1179648K
  class space    used 17447K, committed 18560K, reserved 1048576K
}
Event: 48.328 GC heap after
{Heap after GC invocations=56 (full 0):
 garbage-first heap   total 334848K, used 166731K [0x0000000080000000, 0x0000000100000000)
  region size 1024K, 20 young (20480K), 20 survivors (20480K)
 Metaspace       used 128489K, committed 130752K, reserved 1179648K
  class space    used 17447K, committed 18560K, reserved 1048576K
}
Event: 49.392 GC heap before
{Heap before GC invocations=56 (full 0):
 garbage-first heap   total 334848K, used 287563K [0x0000000080000000, 0x0000000100000000)
  region size 1024K, 139 young (142336K), 20 survivors (20480K)
 Metaspace       used 133224K, committed 135488K, reserved 1179648K
  class space    used 18223K, committed 19328K, reserved 1048576K
}
Event: 49.429 GC heap after
{Heap after GC invocations=57 (full 0):
 garbage-first heap   total 334848K, used 182762K [0x0000000080000000, 0x0000000100000000)
  region size 1024K, 14 young (14336K), 14 survivors (14336K)
 Metaspace       used 133224K, committed 135488K, reserved 1179648K
  class space    used 18223K, committed 19328K, reserved 1048576K
}
Event: 50.609 GC heap before
{Heap before GC invocations=58 (full 0):
 garbage-first heap   total 334848K, used 291306K [0x0000000080000000, 0x0000000100000000)
  region size 1024K, 123 young (125952K), 14 survivors (14336K)
 Metaspace       used 134481K, committed 136704K, reserved 1179648K
  class space    used 18291K, committed 19392K, reserved 1048576K
}
Event: 50.627 GC heap after
{Heap after GC invocations=59 (full 0):
 garbage-first heap   total 334848K, used 181567K [0x0000000080000000, 0x0000000100000000)
  region size 1024K, 3 young (3072K), 3 survivors (3072K)
 Metaspace       used 134481K, committed 136704K, reserved 1179648K
  class space    used 18291K, committed 19392K, reserved 1048576K
}
Event: 51.741 GC heap before
{Heap before GC invocations=59 (full 0):
 garbage-first heap   total 334848K, used 299327K [0x0000000080000000, 0x0000000100000000)
  region size 1024K, 118 young (120832K), 3 survivors (3072K)
 Metaspace       used 134784K, committed 137088K, reserved 1179648K
  class space    used 18322K, committed 19456K, reserved 1048576K
}
Event: 51.748 GC heap after
{Heap after GC invocations=60 (full 0):
 garbage-first heap   total 334848K, used 176090K [0x0000000080000000, 0x0000000100000000)
  region size 1024K, 2 young (2048K), 2 survivors (2048K)
 Metaspace       used 134784K, committed 137088K, reserved 1179648K
  class space    used 18322K, committed 19456K, reserved 1048576K
}
Event: 52.349 GC heap before
{Heap before GC invocations=60 (full 0):
 garbage-first heap   total 334848K, used 302042K [0x0000000080000000, 0x0000000100000000)
  region size 1024K, 126 young (129024K), 2 survivors (2048K)
 Metaspace       used 134940K, committed 137216K, reserved 1179648K
  class space    used 18325K, committed 19456K, reserved 1048576K
}
Event: 52.355 GC heap after
{Heap after GC invocations=61 (full 0):
 garbage-first heap   total 334848K, used 176472K [0x0000000080000000, 0x0000000100000000)
  region size 1024K, 2 young (2048K), 2 survivors (2048K)
 Metaspace       used 134940K, committed 137216K, reserved 1179648K
  class space    used 18325K, committed 19456K, reserved 1048576K
}
Event: 53.064 GC heap before
{Heap before GC invocations=62 (full 0):
 garbage-first heap   total 334848K, used 307544K [0x0000000080000000, 0x0000000100000000)
  region size 1024K, 132 young (135168K), 2 survivors (2048K)
 Metaspace       used 135216K, committed 137472K, reserved 1179648K
  class space    used 18352K, committed 19456K, reserved 1048576K
}
Event: 53.072 GC heap after
{Heap after GC invocations=63 (full 0):
 garbage-first heap   total 334848K, used 177736K [0x0000000080000000, 0x0000000100000000)
  region size 1024K, 4 young (4096K), 4 survivors (4096K)
 Metaspace       used 135216K, committed 137472K, reserved 1179648K
  class space    used 18352K, committed 19456K, reserved 1048576K
}
Event: 54.522 GC heap before
{Heap before GC invocations=63 (full 0):
 garbage-first heap   total 334848K, used 310856K [0x0000000080000000, 0x0000000100000000)
  region size 1024K, 135 young (138240K), 4 survivors (4096K)
 Metaspace       used 136431K, committed 138688K, reserved 1179648K
  class space    used 18548K, committed 19648K, reserved 1048576K
}
Event: 54.535 GC heap after
{Heap after GC invocations=64 (full 0):
 garbage-first heap   total 334848K, used 171443K [0x0000000080000000, 0x0000000100000000)
  region size 1024K, 4 young (4096K), 4 survivors (4096K)
 Metaspace       used 136431K, committed 138688K, reserved 1179648K
  class space    used 18548K, committed 19648K, reserved 1048576K
}
Event: 55.471 GC heap before
{Heap before GC invocations=64 (full 0):
 garbage-first heap   total 334848K, used 311731K [0x0000000080000000, 0x0000000100000000)
  region size 1024K, 142 young (145408K), 4 survivors (4096K)
 Metaspace       used 137411K, committed 139648K, reserved 1179648K
  class space    used 18671K, committed 19776K, reserved 1048576K
}
Event: 55.482 GC heap after
{Heap after GC invocations=65 (full 0):
 garbage-first heap   total 334848K, used 173146K [0x0000000080000000, 0x0000000100000000)
  region size 1024K, 6 young (6144K), 6 survivors (6144K)
 Metaspace       used 137411K, committed 139648K, reserved 1179648K
  class space    used 18671K, committed 19776K, reserved 1048576K
}
Event: 56.550 GC heap before
{Heap before GC invocations=66 (full 0):
 garbage-first heap   total 334848K, used 310362K [0x0000000080000000, 0x0000000100000000)
  region size 1024K, 140 young (143360K), 6 survivors (6144K)
 Metaspace       used 137472K, committed 139712K, reserved 1179648K
  class space    used 18677K, committed 19776K, reserved 1048576K
}
Event: 56.562 GC heap after
{Heap after GC invocations=67 (full 0):
 garbage-first heap   total 334848K, used 174495K [0x0000000080000000, 0x0000000100000000)
  region size 1024K, 7 young (7168K), 7 survivors (7168K)
 Metaspace       used 137472K, committed 139712K, reserved 1179648K
  class space    used 18677K, committed 19776K, reserved 1048576K
}
Event: 56.957 GC heap before
{Heap before GC invocations=67 (full 0):
 garbage-first heap   total 334848K, used 308639K [0x0000000080000000, 0x0000000100000000)
  region size 1024K, 139 young (142336K), 7 survivors (7168K)
 Metaspace       used 137521K, committed 139776K, reserved 1179648K
  class space    used 18683K, committed 19776K, reserved 1048576K
}

