# JRE version: OpenJDK Runtime Environment (21.0.6) (build 21.0.6+-13355223-b631.42)
# Java VM: OpenJDK 64-Bit Server VM (21.0.6+-13355223-b631.42, mixed mode, tiered, compressed oops, compressed class ptrs, g1 gc, windows-amd64)
GC Precious Log:
 CardTable entry size: 512
 Card Set container configuration: InlinePtr #cards 5 size 8 Array Of Cards #cards 12 size 40 Howl #buckets 4 coarsen threshold 1843 Howl Bitmap #cards 512 size 80 coarsen threshold 460 Card regions per heap region 1 cards per card region 2048
 CPUs: 8 total, 8 available
 Memory: 8035M
 Large Page Support: Disabled
 NUMA Support: Disabled
 Compressed Oops: Enabled (32-bit)
 Heap Region Size: 1M
 Heap Min Capacity: 8M
 Heap Initial Capacity: 126M
 Heap Max Capacity: 2G
 Pre-touch: Disabled
 Parallel Workers: 8
 Concurrent Workers: 2
 Concurrent Refinement Workers: 8
 Periodic GC: Disabled
Heap:
 garbage-first heap   total 249856K, used 169984K [0x0000000080000000, 0x0000000100000000)
  region size 1024K, 9 young (9216K), 9 survivors (9216K)
 Metaspace       used 124619K, committed 126784K, reserved 1179648K
  class space    used 17281K, committed 18368K, reserved 1048576K
GC Heap History (20 events):
Event: 27.308 GC heap after
{Heap after GC invocations=37 (full 0):
 garbage-first heap   total 178176K, used 107371K [0x0000000080000000, 0x0000000100000000)
  region size 1024K, 8 young (8192K), 8 survivors (8192K)
 Metaspace       used 105546K, committed 107776K, reserved 1179648K
  class space    used 14444K, committed 15552K, reserved 1048576K
}
Event: 28.035 GC heap before
{Heap before GC invocations=37 (full 0):
 garbage-first heap   total 178176K, used 164715K [0x0000000080000000, 0x0000000100000000)
  region size 1024K, 50 young (51200K), 8 survivors (8192K)
 Metaspace       used 108116K, committed 110272K, reserved 1179648K
  class space    used 14718K, committed 15808K, reserved 1048576K
}
Event: 28.054 GC heap after
{Heap after GC invocations=38 (full 0):
 garbage-first heap   total 185344K, used 115230K [0x0000000080000000, 0x0000000100000000)
  region size 1024K, 7 young (7168K), 7 survivors (7168K)
 Metaspace       used 108116K, committed 110272K, reserved 1179648K
  class space    used 14718K, committed 15808K, reserved 1048576K
}
Event: 28.765 GC heap before
{Heap before GC invocations=38 (full 0):
 garbage-first heap   total 185344K, used 155166K [0x0000000080000000, 0x0000000100000000)
  region size 1024K, 47 young (48128K), 7 survivors (7168K)
 Metaspace       used 109206K, committed 111296K, reserved 1179648K
  class space    used 14844K, committed 15872K, reserved 1048576K
}
Event: 28.778 GC heap after
{Heap after GC invocations=39 (full 0):
 garbage-first heap   total 185344K, used 119946K [0x0000000080000000, 0x0000000100000000)
  region size 1024K, 6 young (6144K), 6 survivors (6144K)
 Metaspace       used 109206K, committed 111296K, reserved 1179648K
  class space    used 14844K, committed 15872K, reserved 1048576K
}
Event: 29.368 GC heap before
{Heap before GC invocations=40 (full 0):
 garbage-first heap   total 201728K, used 159882K [0x0000000080000000, 0x0000000100000000)
  region size 1024K, 46 young (47104K), 6 survivors (6144K)
 Metaspace       used 110581K, committed 112768K, reserved 1179648K
  class space    used 15030K, committed 16128K, reserved 1048576K
}
Event: 29.378 GC heap after
{Heap after GC invocations=41 (full 0):
 garbage-first heap   total 201728K, used 123563K [0x0000000080000000, 0x0000000100000000)
  region size 1024K, 6 young (6144K), 6 survivors (6144K)
 Metaspace       used 110581K, committed 112768K, reserved 1179648K
  class space    used 15030K, committed 16128K, reserved 1048576K
}
Event: 29.586 GC heap before
{Heap before GC invocations=41 (full 0):
 garbage-first heap   total 201728K, used 173739K [0x0000000080000000, 0x0000000100000000)
  region size 1024K, 56 young (57344K), 6 survivors (6144K)
 Metaspace       used 111328K, committed 113536K, reserved 1179648K
  class space    used 15133K, committed 16256K, reserved 1048576K
}
Event: 29.597 GC heap after
{Heap after GC invocations=42 (full 0):
 garbage-first heap   total 242688K, used 128483K [0x0000000080000000, 0x0000000100000000)
  region size 1024K, 7 young (7168K), 7 survivors (7168K)
 Metaspace       used 111328K, committed 113536K, reserved 1179648K
  class space    used 15133K, committed 16256K, reserved 1048576K
}
Event: 30.300 GC heap before
{Heap before GC invocations=42 (full 0):
 garbage-first heap   total 242688K, used 215523K [0x0000000080000000, 0x0000000100000000)
  region size 1024K, 91 young (93184K), 7 survivors (7168K)
 Metaspace       used 114550K, committed 116736K, reserved 1179648K
  class space    used 15619K, committed 16704K, reserved 1048576K
}
Event: 30.311 GC heap after
{Heap after GC invocations=43 (full 0):
 garbage-first heap   total 242688K, used 136436K [0x0000000080000000, 0x0000000100000000)
  region size 1024K, 8 young (8192K), 8 survivors (8192K)
 Metaspace       used 114550K, committed 116736K, reserved 1179648K
  class space    used 15619K, committed 16704K, reserved 1048576K
}
Event: 30.873 GC heap before
{Heap before GC invocations=43 (full 0):
 garbage-first heap   total 242688K, used 208116K [0x0000000080000000, 0x0000000100000000)
  region size 1024K, 79 young (80896K), 8 survivors (8192K)
 Metaspace       used 116853K, committed 119040K, reserved 1179648K
  class space    used 15942K, committed 17024K, reserved 1048576K
}
Event: 30.897 GC heap after
{Heap after GC invocations=44 (full 0):
 garbage-first heap   total 242688K, used 146920K [0x0000000080000000, 0x0000000100000000)
  region size 1024K, 10 young (10240K), 10 survivors (10240K)
 Metaspace       used 116853K, committed 119040K, reserved 1179648K
  class space    used 15942K, committed 17024K, reserved 1048576K
}
Event: 31.415 GC heap before
{Heap before GC invocations=44 (full 0):
 garbage-first heap   total 242688K, used 210408K [0x0000000080000000, 0x0000000100000000)
  region size 1024K, 73 young (74752K), 10 survivors (10240K)
 Metaspace       used 119136K, committed 121344K, reserved 1179648K
  class space    used 16293K, committed 17408K, reserved 1048576K
}
Event: 31.441 GC heap after
{Heap after GC invocations=45 (full 0):
 garbage-first heap   total 242688K, used 157863K [0x0000000080000000, 0x0000000100000000)
  region size 1024K, 10 young (10240K), 10 survivors (10240K)
 Metaspace       used 119136K, committed 121344K, reserved 1179648K
  class space    used 16293K, committed 17408K, reserved 1048576K
}
Event: 31.823 GC heap before
{Heap before GC invocations=46 (full 0):
 garbage-first heap   total 249856K, used 205991K [0x0000000080000000, 0x0000000100000000)
  region size 1024K, 67 young (68608K), 10 survivors (10240K)
 Metaspace       used 121313K, committed 123520K, reserved 1179648K
  class space    used 16700K, committed 17792K, reserved 1048576K
}
Event: 31.846 GC heap after
{Heap after GC invocations=47 (full 0):
 garbage-first heap   total 249856K, used 158720K [0x0000000080000000, 0x0000000100000000)
  region size 1024K, 9 young (9216K), 9 survivors (9216K)
 Metaspace       used 121313K, committed 123520K, reserved 1179648K
  class space    used 16700K, committed 17792K, reserved 1048576K
}
Event: 32.147 GC heap before
{Heap before GC invocations=47 (full 0):
 garbage-first heap   total 249856K, used 220160K [0x0000000080000000, 0x0000000100000000)
  region size 1024K, 70 young (71680K), 9 survivors (9216K)
 Metaspace       used 122834K, committed 125056K, reserved 1179648K
  class space    used 16978K, committed 18112K, reserved 1048576K
}
Event: 32.176 GC heap after
{Heap after GC invocations=48 (full 0):
 garbage-first heap   total 249856K, used 159469K [0x0000000080000000, 0x0000000100000000)
  region size 1024K, 9 young (9216K), 9 survivors (9216K)
 Metaspace       used 122834K, committed 125056K, reserved 1179648K
  class space    used 16978K, committed 18112K, reserved 1048576K
}
Event: 32.448 GC heap before
{Heap before GC invocations=48 (full 0):
 garbage-first heap   total 249856K, used 220909K [0x0000000080000000, 0x0000000100000000)
  region size 1024K, 69 young (70656K), 9 survivors (9216K)
 Metaspace       used 124619K, committed 126784K, reserved 1179648K
  class space    used 17281K, committed 18368K, reserved 1048576K
}

